
----------------------------------
Using stored unhandled routes!.
   To discover new routes in the angular app use "npm run scully -- --scanRoutes"
----------------------------------

----------------------------------
Using stored unhandled routes!.
   To discover new routes in the angular app use "npm run scully -- --scanRoutes"
----------------------------------

----------------------------------
Using stored unhandled routes!.
   To discover new routes in the angular app use "npm run scully -- --scanRoutes"
----------------------------------

----------------------------------
Using stored unhandled routes!.
   To discover new routes in the angular app use "npm run scully -- --scanRoutes"
----------------------------------

        ----------------
        Error, missing "<scully-content>" in route "/blog/___UNPUBLISHED___kclfyilq_GlJpgq0xIY3EA1tpuG5dmK35D960BGWg"
        without <scully-content> we can not render this route.
        Make sure it is in there, and not inside any conditionals (*ngIf)
        You can check this by opening "http://localhost:4200//blog/___UNPUBLISHED___kclfyilq_GlJpgq0xIY3EA1tpuG5dmK35D960BGWg"
        when you serve your app with ng serve and then in the browsers console run:
        document.querySelector('scully-content')
        ----------------
        
----------------------------------
Using stored unhandled routes!.
   To discover new routes in the angular app use "npm run scully -- --scanRoutes"
----------------------------------

        ----------------
        Error, missing "<scully-content>" in route "/blog/___UNPUBLISHED___kclfyilq_GlJpgq0xIY3EA1tpuG5dmK35D960BGWg"
        without <scully-content> we can not render this route.
        Make sure it is in there, and not inside any conditionals (*ngIf)
        You can check this by opening "http://localhost:4200//blog/___UNPUBLISHED___kclfyilq_GlJpgq0xIY3EA1tpuG5dmK35D960BGWg"
        when you serve your app with ng serve and then in the browsers console run:
        document.querySelector('scully-content')
        ----------------
        
        ----------------
        Error, missing "<scully-content>" in route "/blog/___UNPUBLISHED___kclfyilq_GlJpgq0xIY3EA1tpuG5dmK35D960BGWg"
        without <scully-content> we can not render this route.
        Make sure it is in there, and not inside any conditionals (*ngIf)
        You can check this by opening "http://localhost:4200//blog/___UNPUBLISHED___kclfyilq_GlJpgq0xIY3EA1tpuG5dmK35D960BGWg"
        when you serve your app with ng serve and then in the browsers console run:
        document.querySelector('scully-content')
        ----------------
        
        ----------------
        Error, missing "<scully-content>" in route "/blog/___UNPUBLISHED___kclfyilq_GlJpgq0xIY3EA1tpuG5dmK35D960BGWg"
        without <scully-content> we can not render this route.
        Make sure it is in there, and not inside any conditionals (*ngIf)
        You can check this by opening "http://localhost:4200//blog/___UNPUBLISHED___kclfyilq_GlJpgq0xIY3EA1tpuG5dmK35D960BGWg"
        when you serve your app with ng serve and then in the browsers console run:
        document.querySelector('scully-content')
        ----------------
        
----------------------------------
Using stored unhandled routes!.
   To discover new routes in the angular app use "npm run scully -- --scanRoutes"
----------------------------------

        ----------------
        Error, missing "<scully-content>" in route "/blog/___UNPUBLISHED___kclfyilq_GlJpgq0xIY3EA1tpuG5dmK35D960BGWg"
        without <scully-content> we can not render this route.
        Make sure it is in there, and not inside any conditionals (*ngIf)
        You can check this by opening "http://localhost:4200//blog/___UNPUBLISHED___kclfyilq_GlJpgq0xIY3EA1tpuG5dmK35D960BGWg"
        when you serve your app with ng serve and then in the browsers console run:
        document.querySelector('scully-content')
        ----------------
        
----------------------------------
Using stored unhandled routes!.
   To discover new routes in the angular app use "npm run scully -- --scanRoutes"
----------------------------------

        ----------------
        Error, missing "<scully-content>" in route "/blog/___UNPUBLISHED___kclfyilq_GlJpgq0xIY3EA1tpuG5dmK35D960BGWg"
        without <scully-content> we can not render this route.
        Make sure it is in there, and not inside any conditionals (*ngIf)
        You can check this by opening "http://localhost:4200//blog/___UNPUBLISHED___kclfyilq_GlJpgq0xIY3EA1tpuG5dmK35D960BGWg"
        when you serve your app with ng serve and then in the browsers console run:
        document.querySelector('scully-content')
        ----------------
        
----------------------------------
Using stored unhandled routes!.
   To discover new routes in the angular app use "npm run scully -- --scanRoutes"
----------------------------------

        ----------------
        Error, missing "<scully-content>" in route "/blog/___UNPUBLISHED___kclfyilq_GlJpgq0xIY3EA1tpuG5dmK35D960BGWg"
        without <scully-content> we can not render this route.
        Make sure it is in there, and not inside any conditionals (*ngIf)
        You can check this by opening "http://localhost:4200//blog/___UNPUBLISHED___kclfyilq_GlJpgq0xIY3EA1tpuG5dmK35D960BGWg"
        when you serve your app with ng serve and then in the browsers console run:
        document.querySelector('scully-content')
        ----------------
        
        ----------------
        Error, missing "<scully-content>" in route "/blog/___UNPUBLISHED___kclfyilq_GlJpgq0xIY3EA1tpuG5dmK35D960BGWg"
        without <scully-content> we can not render this route.
        Make sure it is in there, and not inside any conditionals (*ngIf)
        You can check this by opening "http://localhost:4200//blog/___UNPUBLISHED___kclfyilq_GlJpgq0xIY3EA1tpuG5dmK35D960BGWg"
        when you serve your app with ng serve and then in the browsers console run:
        document.querySelector('scully-content')
        ----------------
        
----------------------------------
Using stored unhandled routes!.
   To discover new routes in the angular app use "npm run scully -- --scanRoutes"
----------------------------------

        ----------------
        Error, missing "<scully-content>" in route "/blog/___UNPUBLISHED___kclfyilq_GlJpgq0xIY3EA1tpuG5dmK35D960BGWg"
        without <scully-content> we can not render this route.
        Make sure it is in there, and not inside any conditionals (*ngIf)
        You can check this by opening "http://localhost:4200//blog/___UNPUBLISHED___kclfyilq_GlJpgq0xIY3EA1tpuG5dmK35D960BGWg"
        when you serve your app with ng serve and then in the browsers console run:
        document.querySelector('scully-content')
        ----------------
        
